# JRE version: OpenJDK Runtime Environment (17.0.7+7) (build 17.0.7+7-LTS)
# Java VM: OpenJDK 64-Bit Server VM (17.0.7+7-LTS, mixed mode, sharing, tiered, compressed oops, compressed class ptrs, g1 gc, windows-amd64)
GC Precious Log:
 CPUs: 12 total, 12 available
 Memory: 7930M
 Large Page Support: Disabled
 NUMA Support: Disabled
 Compressed Oops: Enabled (32-bit)
 Heap Region Size: 1M
 Heap Min Capacity: 8M
 Heap Initial Capacity: 124M
 Heap Max Capacity: 2G
 Pre-touch: Disabled
 Parallel Workers: 10
 Concurrent Workers: 3
 Concurrent Refinement Workers: 10
 Periodic GC: Disabled
Heap:
 garbage-first heap   total 177152K, used 132499K [0x0000000080000000, 0x0000000100000000)
  region size 1024K, 35 young (35840K), 3 survivors (3072K)
 Metaspace       used 43233K, committed 43776K, reserved 1114112K
  class space    used 6018K, committed 6272K, reserved 1048576K
GC Heap History (20 events):
Event: 9.575 GC heap before
{Heap before GC invocations=3 (full 0):
 garbage-first heap   total 126976K, used 83415K [0x0000000080000000, 0x0000000100000000)
  region size 1024K, 44 young (45056K), 10 survivors (10240K)
 Metaspace       used 21133K, committed 21504K, reserved 1114112K
  class space    used 3150K, committed 3328K, reserved 1048576K
}
Event: 9.584 GC heap after
{Heap after GC invocations=4 (full 0):
 garbage-first heap   total 126976K, used 56674K [0x0000000080000000, 0x0000000100000000)
  region size 1024K, 7 young (7168K), 7 survivors (7168K)
 Metaspace       used 21133K, committed 21504K, reserved 1114112K
  class space    used 3150K, committed 3328K, reserved 1048576K
}
Event: 13.080 GC heap before
{Heap before GC invocations=5 (full 0):
 garbage-first heap   total 126976K, used 94562K [0x0000000080000000, 0x0000000100000000)
  region size 1024K, 45 young (46080K), 7 survivors (7168K)
 Metaspace       used 26705K, committed 27072K, reserved 1114112K
  class space    used 4007K, committed 4160K, reserved 1048576K
}
Event: 13.086 GC heap after
{Heap after GC invocations=6 (full 0):
 garbage-first heap   total 126976K, used 58823K [0x0000000080000000, 0x0000000100000000)
  region size 1024K, 3 young (3072K), 3 survivors (3072K)
 Metaspace       used 26705K, committed 27072K, reserved 1114112K
  class space    used 4007K, committed 4160K, reserved 1048576K
}
Event: 16.964 GC heap before
{Heap before GC invocations=6 (full 0):
 garbage-first heap   total 126976K, used 94663K [0x0000000080000000, 0x0000000100000000)
  region size 1024K, 40 young (40960K), 3 survivors (3072K)
 Metaspace       used 31729K, committed 32128K, reserved 1114112K
  class space    used 4493K, committed 4672K, reserved 1048576K
}
Event: 16.985 GC heap after
{Heap after GC invocations=7 (full 0):
 garbage-first heap   total 126976K, used 63960K [0x0000000080000000, 0x0000000100000000)
  region size 1024K, 6 young (6144K), 6 survivors (6144K)
 Metaspace       used 31729K, committed 32128K, reserved 1114112K
  class space    used 4493K, committed 4672K, reserved 1048576K
}
Event: 22.637 GC heap before
{Heap before GC invocations=8 (full 0):
 garbage-first heap   total 126976K, used 97752K [0x0000000080000000, 0x0000000100000000)
  region size 1024K, 37 young (37888K), 6 survivors (6144K)
 Metaspace       used 35989K, committed 36352K, reserved 1114112K
  class space    used 5024K, committed 5184K, reserved 1048576K
}
Event: 22.650 GC heap after
{Heap after GC invocations=9 (full 0):
 garbage-first heap   total 126976K, used 67019K [0x0000000080000000, 0x0000000100000000)
  region size 1024K, 4 young (4096K), 4 survivors (4096K)
 Metaspace       used 35989K, committed 36352K, reserved 1114112K
  class space    used 5024K, committed 5184K, reserved 1048576K
}
Event: 23.555 GC heap before
{Heap before GC invocations=10 (full 0):
 garbage-first heap   total 133120K, used 78283K [0x0000000080000000, 0x0000000100000000)
  region size 1024K, 5 young (5120K), 4 survivors (4096K)
 Metaspace       used 35989K, committed 36352K, reserved 1114112K
  class space    used 5024K, committed 5184K, reserved 1048576K
}
Event: 23.560 GC heap after
{Heap after GC invocations=11 (full 0):
 garbage-first heap   total 133120K, used 78365K [0x0000000080000000, 0x0000000100000000)
  region size 1024K, 1 young (1024K), 1 survivors (1024K)
 Metaspace       used 35989K, committed 36352K, reserved 1114112K
  class space    used 5024K, committed 5184K, reserved 1048576K
}
Event: 23.668 GC heap before
{Heap before GC invocations=12 (full 0):
 garbage-first heap   total 143360K, used 83485K [0x0000000080000000, 0x0000000100000000)
  region size 1024K, 2 young (2048K), 1 survivors (1024K)
 Metaspace       used 35989K, committed 36352K, reserved 1114112K
  class space    used 5024K, committed 5184K, reserved 1048576K
}
Event: 23.669 GC heap after
{Heap after GC invocations=13 (full 0):
 garbage-first heap   total 143360K, used 83669K [0x0000000080000000, 0x0000000100000000)
  region size 1024K, 1 young (1024K), 1 survivors (1024K)
 Metaspace       used 35989K, committed 36352K, reserved 1114112K
  class space    used 5024K, committed 5184K, reserved 1048576K
}
Event: 25.366 GC heap before
{Heap before GC invocations=14 (full 0):
 garbage-first heap   total 147456K, used 113365K [0x0000000080000000, 0x0000000100000000)
  region size 1024K, 25 young (25600K), 1 survivors (1024K)
 Metaspace       used 38386K, committed 38976K, reserved 1114112K
  class space    used 5241K, committed 5504K, reserved 1048576K
}
Event: 25.371 GC heap after
{Heap after GC invocations=15 (full 0):
 garbage-first heap   total 177152K, used 91938K [0x0000000080000000, 0x0000000100000000)
  region size 1024K, 4 young (4096K), 4 survivors (4096K)
 Metaspace       used 38386K, committed 38976K, reserved 1114112K
  class space    used 5241K, committed 5504K, reserved 1048576K
}
Event: 25.445 GC heap before
{Heap before GC invocations=15 (full 0):
 garbage-first heap   total 177152K, used 96034K [0x0000000080000000, 0x0000000100000000)
  region size 1024K, 8 young (8192K), 4 survivors (4096K)
 Metaspace       used 38436K, committed 38976K, reserved 1114112K
  class space    used 5248K, committed 5504K, reserved 1048576K
}
Event: 25.449 GC heap after
{Heap after GC invocations=16 (full 0):
 garbage-first heap   total 177152K, used 91875K [0x0000000080000000, 0x0000000100000000)
  region size 1024K, 1 young (1024K), 1 survivors (1024K)
 Metaspace       used 38436K, committed 38976K, reserved 1114112K
  class space    used 5248K, committed 5504K, reserved 1048576K
}
Event: 28.204 GC heap before
{Heap before GC invocations=16 (full 0):
 garbage-first heap   total 177152K, used 111331K [0x0000000080000000, 0x0000000100000000)
  region size 1024K, 21 young (21504K), 1 survivors (1024K)
 Metaspace       used 40059K, committed 40640K, reserved 1114112K
  class space    used 5525K, committed 5824K, reserved 1048576K
}
Event: 28.208 GC heap after
{Heap after GC invocations=17 (full 0):
 garbage-first heap   total 177152K, used 93489K [0x0000000080000000, 0x0000000100000000)
  region size 1024K, 3 young (3072K), 3 survivors (3072K)
 Metaspace       used 40059K, committed 40640K, reserved 1114112K
  class space    used 5525K, committed 5824K, reserved 1048576K
}
Event: 28.331 GC heap before
{Heap before GC invocations=18 (full 0):
 garbage-first heap   total 177152K, used 99633K [0x0000000080000000, 0x0000000100000000)
  region size 1024K, 4 young (4096K), 3 survivors (3072K)
 Metaspace       used 40059K, committed 40640K, reserved 1114112K
  class space    used 5525K, committed 5824K, reserved 1048576K
}
Event: 28.336 GC heap after
{Heap after GC invocations=19 (full 0):
 garbage-first heap   total 177152K, used 99731K [0x0000000080000000, 0x0000000100000000)
  region size 1024K, 3 young (3072K), 3 survivors (3072K)
 Metaspace       used 40059K, committed 40640K, reserved 1114112K
  class space    used 5525K, committed 5824K, reserved 1048576K
}

